<?xml version="1.0" encoding="UTF-8"?>
<!-- Generated by org.testng.reporters.JUnitReportReporter -->
<testsuite skipped="0" hostname="DESKTOP-5DM2AA8" name="testNGPackage.TestNG3" tests="4" failures="0" timestamp="09 Aug 2019 12:25:29 GMT" time="0.010" errors="0">
  <testcase name="z" time="0.002" classname="testNGPackage.TestNG3"/>
  <testcase name="b" time="0.001" classname="testNGPackage.TestNG3"/>
  <testcase name="c" time="0.002" classname="testNGPackage.TestNG3"/>
  <testcase name="a" time="0.005" classname="testNGPackage.TestNG3"/>
</testsuite> <!-- testNGPackage.TestNG3 -->
