<?xml version="1.0" encoding="UTF-8"?>
<!-- Generated by org.testng.reporters.JUnitReportReporter -->
<testsuite skipped="0" hostname="DESKTOP-5DM2AA8" name="testNGPackage.TestNG5" tests="7" failures="0" timestamp="12 Aug 2019 13:02:01 GMT" time="0.026" errors="0">
  <testcase name="b" time="0.011" classname="testNGPackage.TestNG5"/>
  <testcase name="a" time="0.004" classname="testNGPackage.TestNG5"/>
  <testcase name="z" time="0.002" classname="testNGPackage.TestNG5"/>
  <testcase name="e" time="0.006" classname="testNGPackage.TestNG5"/>
  <testcase name="s" time="0.001" classname="testNGPackage.TestNG5"/>
  <testcase name="f" time="0.001" classname="testNGPackage.TestNG5"/>
  <testcase name="d" time="0.001" classname="testNGPackage.TestNG5"/>
</testsuite> <!-- testNGPackage.TestNG5 -->
