<?xml version="1.0" encoding="UTF-8"?>
<!-- Generated by org.testng.reporters.JUnitReportReporter -->
<testsuite skipped="0" hostname="DESKTOP-5DM2AA8" name="testNGPackage.TestNG2" tests="2" failures="0" timestamp="12 Aug 2019 13:00:01 GMT" time="0.012" errors="0">
  <testcase name="a" time="0.011" classname="testNGPackage.TestNG2"/>
  <testcase name="b" time="0.001" classname="testNGPackage.TestNG2"/>
</testsuite> <!-- testNGPackage.TestNG2 -->
