<?xml version="1.0" encoding="UTF-8"?>
<!-- Generated by org.testng.reporters.JUnitReportReporter -->
<testsuite skipped="0" hostname="DESKTOP-5DM2AA8" name="testNGPackage.TestNG6" tests="2" failures="0" timestamp="09 Aug 2019 12:27:01 GMT" time="0.020" errors="0">
  <testcase name="a" time="0.010" classname="testNGPackage.TestNG6"/>
  <testcase name="b" time="0.010" classname="testNGPackage.TestNG6"/>
</testsuite> <!-- testNGPackage.TestNG6 -->
