<?xml version="1.0" encoding="UTF-8"?>
<!-- Generated by org.testng.reporters.JUnitReportReporter -->
<testsuite skipped="0" hostname="DESKTOP-5DM2AA8" name="testNGPackage.TestNG12" tests="4" failures="0" timestamp="12 Sep 2019 05:11:02 GMT" time="0.019" errors="0">
  <testcase name="tester" time="0.002" classname="testNGPackage.TestNG12"/>
  <testcase name="dot_net" time="0.013" classname="testNGPackage.TestNG12"/>
  <testcase name="java" time="0.002" classname="testNGPackage.TestNG12"/>
  <testcase name="hr" time="0.002" classname="testNGPackage.TestNG12"/>
</testsuite> <!-- testNGPackage.TestNG12 -->
