<?xml version="1.0" encoding="UTF-8"?>
<!-- Generated by org.testng.reporters.JUnitReportReporter -->
<testsuite skipped="1" hostname="DESKTOP-5DM2AA8" name="testNGPackage.TestNG8" tests="3" failures="0" timestamp="12 Aug 2019 12:57:40 GMT" time="0.016" errors="0">
  <testcase name="a" time="0.014" classname="testNGPackage.TestNG8"/>
  <testcase name="d" time="0.002" classname="testNGPackage.TestNG8"/>
  <testcase name="c" classname="testNGPackage.TestNG8">
    <skipped/>
  </testcase> <!-- c -->
</testsuite> <!-- testNGPackage.TestNG8 -->
