<?xml version="1.0" encoding="UTF-8"?>
<!-- Generated by org.testng.reporters.JUnitReportReporter -->
<testsuite skipped="0" hostname="DESKTOP-5DM2AA8" name="testNGPackage.TestNG7" tests="4" failures="0" timestamp="12 Aug 2019 12:07:30 GMT" time="0.021" errors="0">
  <testcase name="b" time="0.007" classname="testNGPackage.TestNG7"/>
  <testcase name="b" time="0.004" classname="testNGPackage.TestNG7"/>
  <testcase name="b" time="0.007" classname="testNGPackage.TestNG7"/>
  <testcase name="a" time="0.003" classname="testNGPackage.TestNG7"/>
</testsuite> <!-- testNGPackage.TestNG7 -->
