<?xml version="1.0" encoding="UTF-8"?>
<!-- Generated by org.testng.reporters.JUnitReportReporter -->
<testsuite skipped="0" hostname="DESKTOP-5DM2AA8" name="testNGPackage.TestNG10" tests="2" failures="0" timestamp="29 Aug 2019 12:41:58 GMT" time="6.518" errors="0">
  <testcase name="enterUsername" time="0.257" classname="testNGPackage.TestNG10"/>
  <testcase name="openFacebookurl" time="6.261" classname="testNGPackage.TestNG10"/>
</testsuite> <!-- testNGPackage.TestNG10 -->
