<?xml version="1.0" encoding="UTF-8"?>
<!-- Generated by org.testng.reporters.JUnitReportReporter -->
<testsuite skipped="0" hostname="DESKTOP-5DM2AA8" name="testNGPackage.TestNG4" tests="5" failures="0" timestamp="09 Aug 2019 12:25:29 GMT" time="0.016" errors="0">
  <testcase name="zest" time="0.001" classname="testNGPackage.TestNG4"/>
  <testcase name="c3_Test" time="0.004" classname="testNGPackage.TestNG4"/>
  <testcase name="c2_test" time="0.001" classname="testNGPackage.TestNG4"/>
  <testcase name="zess" time="0.004" classname="testNGPackage.TestNG4"/>
  <testcase name="c1_Test" time="0.006" classname="testNGPackage.TestNG4"/>
</testsuite> <!-- testNGPackage.TestNG4 -->
